c:\cppproject\_c++inqt\mvc\spinboxdelegate\x64\debug\vc120.pdb
c:\cppproject\_c++inqt\mvc\spinboxdelegate\x64\debug\qrc_spinboxdelegate.obj
c:\cppproject\_c++inqt\mvc\spinboxdelegate\x64\debug\main.obj
c:\cppproject\_c++inqt\mvc\spinboxdelegate\x64\debug\delegate.obj
c:\cppproject\_c++inqt\mvc\spinboxdelegate\x64\debug\moc_delegate.obj
c:\cppproject\_c++inqt\mvc\spinboxdelegate\generatedfiles\ui_spinboxdelegate.h
c:\cppproject\_c++inqt\mvc\spinboxdelegate\generatedfiles\qrc_spinboxdelegate.cpp
c:\cppproject\_c++inqt\mvc\spinboxdelegate\generatedfiles\debug\moc_delegate.cpp
c:\cppproject\_c++inqt\x64\debug\spinboxdelegate.ilk
c:\cppproject\_c++inqt\x64\debug\spinboxdelegate.exe
c:\cppproject\_c++inqt\x64\debug\spinboxdelegate.pdb
c:\cppproject\_c++inqt\mvc\spinboxdelegate\x64\debug\spinboxdelegate.tlog\cl.command.1.tlog
c:\cppproject\_c++inqt\mvc\spinboxdelegate\x64\debug\spinboxdelegate.tlog\cl.read.1.tlog
c:\cppproject\_c++inqt\mvc\spinboxdelegate\x64\debug\spinboxdelegate.tlog\cl.write.1.tlog
c:\cppproject\_c++inqt\mvc\spinboxdelegate\x64\debug\spinboxdelegate.tlog\custombuild.command.1.tlog
c:\cppproject\_c++inqt\mvc\spinboxdelegate\x64\debug\spinboxdelegate.tlog\custombuild.read.1.tlog
c:\cppproject\_c++inqt\mvc\spinboxdelegate\x64\debug\spinboxdelegate.tlog\custombuild.write.1.tlog
c:\cppproject\_c++inqt\mvc\spinboxdelegate\x64\debug\spinboxdelegate.tlog\link.command.1.tlog
c:\cppproject\_c++inqt\mvc\spinboxdelegate\x64\debug\spinboxdelegate.tlog\link.read.1.tlog
c:\cppproject\_c++inqt\mvc\spinboxdelegate\x64\debug\spinboxdelegate.tlog\link.write.1.tlog
