生成启动时间为 15/7/14 下午1:08:51。
     1>项目“C:\CPPProject\_C++inQt\collidingmice\collidingmice.vcxproj”在节点 2 上(Rebuild 个目标)。
     1>CustomBuild:
         RCC mice.qrc
         系统找不到指定的驱动器。
       ClCompile:
         C:\Program Files (x86)\Microsoft Visual Studio 12.0\VC\bin\x86_amd64\CL.exe /c /IC:\Qt\Qt5.5.0\5.5\msvc2013_64\include\QtCore /IC:\Qt\Qt5.5.0\5.5\msvc2013_64\include\QtGui /IC:\Qt\Qt5.5.0\5.5\msvc2013_64\include /IC:\Qt\Qt5.5.0\5.5\msvc2013_64\include\ActiveQt /Itmp\moc\release_shared /nologo /W3 /WX- /O2 /D QT_NO_DEBUG /D NDEBUG /D _WINDOWS /D UNICODE /D WIN32 /D QT_LARGEFILE_SUPPORT /D QT_DLL /D QT_NO_DEBUG /D QT_GUI_LIB /D QT_CORE_LIB /D QT_HAVE_MMX /D QT_HAVE_3DNOW /D QT_HAVE_SSE /D QT_HAVE_MMXEXT /D QT_HAVE_SSE2 /D QT_THREAD_SUPPORT /D NDEBUG /Gm- /EHsc /MD /GS- /fp:precise /Zc:wchar_t- /Zc:forScope /GR /Fo"tmp\obj\release_shared\\" /Fd".\\" /Gd /TP /errorReport:prompt -Zm200 -MP -w34100 -w34189 main.cpp mouse.cpp
         main.cpp
         mouse.cpp
     1>C:\Program Files (x86)\MSBuild\Microsoft.Cpp\v4.0\V120\Microsoft.CppBuild.targets(1186,5): warning MSB8012: TargetPath(C:\CPPProject\_C++inQt\x64\Release\collidingmice.exe) does not match the Linker's OutputFile property value (C:\CPPProject\_C++inQt\collidingmice\release\collidingmice.exe). This may cause your project to build incorrectly. To correct this, please make sure that $(OutDir), $(TargetName) and $(TargetExt) property values match the value specified in %(Link.OutputFile).
       Link:
         C:\Program Files (x86)\Microsoft Visual Studio 12.0\VC\bin\x86_amd64\link.exe /ERRORREPORT:PROMPT /OUT:"release\collidingmice.exe" /INCREMENTAL:NO /NOLOGO /LIBPATH:d:\Qt\vc\lib /LIBPATH:d:\Qt\vc\lib C:\Qt\Qt5.5.0\5.5\msvc2013_64\lib\qtmain.lib C:\Qt\Qt5.5.0\5.5\msvc2013_64\lib\Qt5Gui.lib C:\Qt\Qt5.5.0\5.5\msvc2013_64\lib\Qt5Core.lib kernel32.lib user32.lib gdi32.lib winspool.lib comdlg32.lib advapi32.lib shell32.lib ole32.lib oleaut32.lib uuid.lib odbc32.lib odbccp32.lib /MANIFEST /MANIFESTUAC:"level='asInvoker' uiAccess='false'" /manifest:embed /SUBSYSTEM:WINDOWS /TLBID:1 /DYNAMICBASE /NXCOMPAT /MACHINE:X64 "/MANIFESTDEPENDENCY:type='win32' name='Microsoft.Windows.Common-Controls' version='6.0.0.0' publicKeyToken='6595b64144ccf1df' language='*' processorArchitecture='*'" tmp\obj\release_shared\main.obj
         tmp\obj\release_shared\mouse.obj
     1>main.obj : error LNK2019: 无法解析的外部符号 "__declspec(dllimport) public: void __cdecl QGraphicsItem::setPos(class QPointF const &)" (__imp_?setPos@QGraphicsItem@@QEAAXAEBVQPointF@@@Z)，该符号在函数 main 中被引用
     1>mouse.obj : error LNK2001: 无法解析的外部符号 "__declspec(dllimport) public: void __cdecl QGraphicsItem::setPos(class QPointF const &)" (__imp_?setPos@QGraphicsItem@@QEAAXAEBVQPointF@@@Z)
     1>main.obj : error LNK2019: 无法解析的外部符号 "__declspec(dllimport) public: __cdecl QApplication::QApplication(int &,char * *,int)" (__imp_??0QApplication@@QEAA@AEAHPEAPEADH@Z)，该符号在函数 main 中被引用
     1>main.obj : error LNK2019: 无法解析的外部符号 "__declspec(dllimport) public: virtual __cdecl QApplication::~QApplication(void)" (__imp_??1QApplication@@UEAA@XZ)，该符号在函数 main 中被引用
     1>main.obj : error LNK2019: 无法解析的外部符号 "__declspec(dllimport) public: static int __cdecl QApplication::exec(void)" (__imp_?exec@QApplication@@SAHXZ)，该符号在函数 main 中被引用
     1>main.obj : error LNK2019: 无法解析的外部符号 "__declspec(dllimport) public: __cdecl QGraphicsScene::QGraphicsScene(class QObject *)" (__imp_??0QGraphicsScene@@QEAA@PEAVQObject@@@Z)，该符号在函数 main 中被引用
     1>main.obj : error LNK2019: 无法解析的外部符号 "__declspec(dllimport) public: virtual __cdecl QGraphicsScene::~QGraphicsScene(void)" (__imp_??1QGraphicsScene@@UEAA@XZ)，该符号在函数 main 中被引用
     1>main.obj : error LNK2019: 无法解析的外部符号 "__declspec(dllimport) public: void __cdecl QGraphicsScene::setSceneRect(class QRectF const &)" (__imp_?setSceneRect@QGraphicsScene@@QEAAXAEBVQRectF@@@Z)，该符号在函数 main 中被引用
     1>main.obj : error LNK2019: 无法解析的外部符号 "__declspec(dllimport) public: void __cdecl QGraphicsScene::setItemIndexMethod(enum QGraphicsScene::ItemIndexMethod)" (__imp_?setItemIndexMethod@QGraphicsScene@@QEAAXW4ItemIndexMethod@1@@Z)，该符号在函数 main 中被引用
     1>main.obj : error LNK2019: 无法解析的外部符号 "__declspec(dllimport) public: void __cdecl QGraphicsScene::addItem(class QGraphicsItem *)" (__imp_?addItem@QGraphicsScene@@QEAAXPEAVQGraphicsItem@@@Z)，该符号在函数 main 中被引用
     1>main.obj : error LNK2019: 无法解析的外部符号 "__declspec(dllimport) public: void __cdecl QWidget::setWindowTitle(class QString const &)" (__imp_?setWindowTitle@QWidget@@QEAAXAEBVQString@@@Z)，该符号在函数 main 中被引用
     1>main.obj : error LNK2019: 无法解析的外部符号 "__declspec(dllimport) public: void __cdecl QWidget::show(void)" (__imp_?show@QWidget@@QEAAXXZ)，该符号在函数 main 中被引用
     1>main.obj : error LNK2019: 无法解析的外部符号 "__declspec(dllimport) public: void __cdecl QWidget::resize(class QSize const &)" (__imp_?resize@QWidget@@QEAAXAEBVQSize@@@Z)，该符号在函数 main 中被引用
     1>main.obj : error LNK2019: 无法解析的外部符号 "__declspec(dllimport) public: __cdecl QGraphicsView::QGraphicsView(class QGraphicsScene *,class QWidget *)" (__imp_??0QGraphicsView@@QEAA@PEAVQGraphicsScene@@PEAVQWidget@@@Z)，该符号在函数 main 中被引用
     1>main.obj : error LNK2019: 无法解析的外部符号 "__declspec(dllimport) public: virtual __cdecl QGraphicsView::~QGraphicsView(void)" (__imp_??1QGraphicsView@@UEAA@XZ)，该符号在函数 main 中被引用
     1>main.obj : error LNK2019: 无法解析的外部符号 "__declspec(dllimport) public: void __cdecl QGraphicsView::setRenderHint(enum QPainter::RenderHint,bool)" (__imp_?setRenderHint@QGraphicsView@@QEAAXW4RenderHint@QPainter@@_N@Z)，该符号在函数 main 中被引用
     1>main.obj : error LNK2019: 无法解析的外部符号 "__declspec(dllimport) public: void __cdecl QGraphicsView::setViewportUpdateMode(enum QGraphicsView::ViewportUpdateMode)" (__imp_?setViewportUpdateMode@QGraphicsView@@QEAAXW4ViewportUpdateMode@1@@Z)，该符号在函数 main 中被引用
     1>main.obj : error LNK2019: 无法解析的外部符号 "__declspec(dllimport) public: void __cdecl QGraphicsView::setDragMode(enum QGraphicsView::DragMode)" (__imp_?setDragMode@QGraphicsView@@QEAAXW4DragMode@1@@Z)，该符号在函数 main 中被引用
     1>main.obj : error LNK2019: 无法解析的外部符号 "__declspec(dllimport) public: void __cdecl QGraphicsView::setCacheMode(class QFlags<enum QGraphicsView::CacheModeFlag>)" (__imp_?setCacheMode@QGraphicsView@@QEAAXV?$QFlags@W4CacheModeFlag@QGraphicsView@@@@@Z)，该符号在函数 main 中被引用
     1>main.obj : error LNK2019: 无法解析的外部符号 "__declspec(dllimport) public: void __cdecl QGraphicsView::setBackgroundBrush(class QBrush const &)" (__imp_?setBackgroundBrush@QGraphicsView@@QEAAXAEBVQBrush@@@Z)，该符号在函数 main 中被引用
     1>mouse.obj : error LNK2019: 无法解析的外部符号 "__declspec(dllimport) public: __cdecl QGraphicsItem::QGraphicsItem(class QGraphicsItem *)" (__imp_??0QGraphicsItem@@QEAA@PEAV0@@Z)，该符号在函数 "public: __cdecl Mouse::Mouse(void)" (??0Mouse@@QEAA@XZ) 中被引用
     1>mouse.obj : error LNK2019: 无法解析的外部符号 "__declspec(dllimport) public: virtual __cdecl QGraphicsItem::~QGraphicsItem(void)" (__imp_??1QGraphicsItem@@UEAA@XZ)，该符号在函数 "int `public: __cdecl Mouse::Mouse(void)'::`1'::dtor$0" (?dtor$0@?0???0Mouse@@QEAA@XZ@4HA) 中被引用
     1>mouse.obj : error LNK2019: 无法解析的外部符号 "__declspec(dllimport) public: class QGraphicsScene * __cdecl QGraphicsItem::scene(void)const " (__imp_?scene@QGraphicsItem@@QEBAPEAVQGraphicsScene@@XZ)，该符号在函数 "protected: virtual void __cdecl Mouse::advance(int)" (?advance@Mouse@@MEAAXH@Z) 中被引用
     1>mouse.obj : error LNK2019: 无法解析的外部符号 "__declspec(dllimport) public: void __cdecl QGraphicsItem::setRotation(double)" (__imp_?setRotation@QGraphicsItem@@QEAAXN@Z)，该符号在函数 "public: __cdecl Mouse::Mouse(void)" (??0Mouse@@QEAA@XZ) 中被引用
     1>mouse.obj : error LNK2019: 无法解析的外部符号 "__declspec(dllimport) public: double __cdecl QGraphicsItem::rotation(void)const " (__imp_?rotation@QGraphicsItem@@QEBANXZ)，该符号在函数 "protected: virtual void __cdecl Mouse::advance(int)" (?advance@Mouse@@MEAAXH@Z) 中被引用
     1>mouse.obj : error LNK2019: 无法解析的外部符号 "__declspec(dllimport) public: class QPointF __cdecl QGraphicsItem::mapToParent(class QPointF const &)const " (__imp_?mapToParent@QGraphicsItem@@QEBA?AVQPointF@@AEBV2@@Z)，该符号在函数 "protected: virtual void __cdecl Mouse::advance(int)" (?advance@Mouse@@MEAAXH@Z) 中被引用
     1>mouse.obj : error LNK2019: 无法解析的外部符号 "__declspec(dllimport) public: class QPointF __cdecl QGraphicsItem::mapToScene(class QPointF const &)const " (__imp_?mapToScene@QGraphicsItem@@QEBA?AVQPointF@@AEBV2@@Z)，该符号在函数 "protected: virtual void __cdecl Mouse::advance(int)" (?advance@Mouse@@MEAAXH@Z) 中被引用
     1>mouse.obj : error LNK2019: 无法解析的外部符号 "__declspec(dllimport) public: class QPointF __cdecl QGraphicsItem::mapFromItem(class QGraphicsItem const *,class QPointF const &)const " (__imp_?mapFromItem@QGraphicsItem@@QEBA?AVQPointF@@PEBV1@AEBV2@@Z)，该符号在函数 "protected: virtual void __cdecl Mouse::advance(int)" (?advance@Mouse@@MEAAXH@Z) 中被引用
     1>mouse.obj : error LNK2019: 无法解析的外部符号 "__declspec(dllimport) public: class QPointF __cdecl QGraphicsItem::mapFromScene(class QPointF const &)const " (__imp_?mapFromScene@QGraphicsItem@@QEBA?AVQPointF@@AEBV2@@Z)，该符号在函数 "protected: virtual void __cdecl Mouse::advance(int)" (?advance@Mouse@@MEAAXH@Z) 中被引用
     1>mouse.obj : error LNK2019: 无法解析的外部符号 "__declspec(dllimport) public: class QList<class QGraphicsItem *> __cdecl QGraphicsScene::items(class QPolygonF const &,enum Qt::ItemSelectionMode,enum Qt::SortOrder,class QTransform const &)const " (__imp_?items@QGraphicsScene@@QEBA?AV?$QList@PEAVQGraphicsItem@@@@AEBVQPolygonF@@W4ItemSelectionMode@Qt@@W4SortOrder@5@AEBVQTransform@@@Z)，该符号在函数 "protected: virtual void __cdecl Mouse::advance(int)" (?advance@Mouse@@MEAAXH@Z) 中被引用
     1>mouse.obj : error LNK2019: 无法解析的外部符号 "__declspec(dllimport) public: class QList<class QGraphicsItem *> __cdecl QGraphicsScene::collidingItems(class QGraphicsItem const *,enum Qt::ItemSelectionMode)const " (__imp_?collidingItems@QGraphicsScene@@QEBA?AV?$QList@PEAVQGraphicsItem@@@@PEBVQGraphicsItem@@W4ItemSelectionMode@Qt@@@Z)，该符号在函数 "public: virtual void __cdecl Mouse::paint(class QPainter *,class QStyleOptionGraphicsItem const *,class QWidget *)" (?paint@Mouse@@UEAAXPEAVQPainter@@PEBVQStyleOptionGraphicsItem@@PEAVQWidget@@@Z) 中被引用
     1>mouse.obj : error LNK2001: 无法解析的外部符号 "public: virtual bool __cdecl QGraphicsItem::collidesWithItem(class QGraphicsItem const *,enum Qt::ItemSelectionMode)const " (?collidesWithItem@QGraphicsItem@@UEBA_NPEBV1@W4ItemSelectionMode@Qt@@@Z)
     1>mouse.obj : error LNK2001: 无法解析的外部符号 "public: virtual bool __cdecl QGraphicsItem::collidesWithPath(class QPainterPath const &,enum Qt::ItemSelectionMode)const " (?collidesWithPath@QGraphicsItem@@UEBA_NAEBVQPainterPath@@W4ItemSelectionMode@Qt@@@Z)
     1>mouse.obj : error LNK2001: 无法解析的外部符号 "public: virtual bool __cdecl QGraphicsItem::contains(class QPointF const &)const " (?contains@QGraphicsItem@@UEBA_NAEBVQPointF@@@Z)
     1>mouse.obj : error LNK2001: 无法解析的外部符号 "protected: virtual void __cdecl QGraphicsItem::contextMenuEvent(class QGraphicsSceneContextMenuEvent *)" (?contextMenuEvent@QGraphicsItem@@MEAAXPEAVQGraphicsSceneContextMenuEvent@@@Z)
     1>mouse.obj : error LNK2001: 无法解析的外部符号 "protected: virtual void __cdecl QGraphicsItem::dragEnterEvent(class QGraphicsSceneDragDropEvent *)" (?dragEnterEvent@QGraphicsItem@@MEAAXPEAVQGraphicsSceneDragDropEvent@@@Z)
     1>mouse.obj : error LNK2001: 无法解析的外部符号 "protected: virtual void __cdecl QGraphicsItem::dragLeaveEvent(class QGraphicsSceneDragDropEvent *)" (?dragLeaveEvent@QGraphicsItem@@MEAAXPEAVQGraphicsSceneDragDropEvent@@@Z)
     1>mouse.obj : error LNK2001: 无法解析的外部符号 "protected: virtual void __cdecl QGraphicsItem::dragMoveEvent(class QGraphicsSceneDragDropEvent *)" (?dragMoveEvent@QGraphicsItem@@MEAAXPEAVQGraphicsSceneDragDropEvent@@@Z)
     1>mouse.obj : error LNK2001: 无法解析的外部符号 "protected: virtual void __cdecl QGraphicsItem::dropEvent(class QGraphicsSceneDragDropEvent *)" (?dropEvent@QGraphicsItem@@MEAAXPEAVQGraphicsSceneDragDropEvent@@@Z)
     1>mouse.obj : error LNK2001: 无法解析的外部符号 "protected: virtual class QVariant __cdecl QGraphicsItem::extension(class QVariant const &)const " (?extension@QGraphicsItem@@MEBA?AVQVariant@@AEBV2@@Z)
     1>mouse.obj : error LNK2001: 无法解析的外部符号 "protected: virtual void __cdecl QGraphicsItem::focusInEvent(class QFocusEvent *)" (?focusInEvent@QGraphicsItem@@MEAAXPEAVQFocusEvent@@@Z)
     1>mouse.obj : error LNK2001: 无法解析的外部符号 "protected: virtual void __cdecl QGraphicsItem::focusOutEvent(class QFocusEvent *)" (?focusOutEvent@QGraphicsItem@@MEAAXPEAVQFocusEvent@@@Z)
     1>mouse.obj : error LNK2001: 无法解析的外部符号 "protected: virtual void __cdecl QGraphicsItem::hoverEnterEvent(class QGraphicsSceneHoverEvent *)" (?hoverEnterEvent@QGraphicsItem@@MEAAXPEAVQGraphicsSceneHoverEvent@@@Z)
     1>mouse.obj : error LNK2001: 无法解析的外部符号 "protected: virtual void __cdecl QGraphicsItem::hoverLeaveEvent(class QGraphicsSceneHoverEvent *)" (?hoverLeaveEvent@QGraphicsItem@@MEAAXPEAVQGraphicsSceneHoverEvent@@@Z)
     1>mouse.obj : error LNK2001: 无法解析的外部符号 "protected: virtual void __cdecl QGraphicsItem::hoverMoveEvent(class QGraphicsSceneHoverEvent *)" (?hoverMoveEvent@QGraphicsItem@@MEAAXPEAVQGraphicsSceneHoverEvent@@@Z)
     1>mouse.obj : error LNK2001: 无法解析的外部符号 "protected: virtual void __cdecl QGraphicsItem::inputMethodEvent(class QInputMethodEvent *)" (?inputMethodEvent@QGraphicsItem@@MEAAXPEAVQInputMethodEvent@@@Z)
     1>mouse.obj : error LNK2001: 无法解析的外部符号 "protected: virtual class QVariant __cdecl QGraphicsItem::inputMethodQuery(enum Qt::InputMethodQuery)const " (?inputMethodQuery@QGraphicsItem@@MEBA?AVQVariant@@W4InputMethodQuery@Qt@@@Z)
     1>mouse.obj : error LNK2001: 无法解析的外部符号 "public: virtual bool __cdecl QGraphicsItem::isObscuredBy(class QGraphicsItem const *)const " (?isObscuredBy@QGraphicsItem@@UEBA_NPEBV1@@Z)
     1>mouse.obj : error LNK2001: 无法解析的外部符号 "protected: virtual class QVariant __cdecl QGraphicsItem::itemChange(enum QGraphicsItem::GraphicsItemChange,class QVariant const &)" (?itemChange@QGraphicsItem@@MEAA?AVQVariant@@W4GraphicsItemChange@1@AEBV2@@Z)
     1>mouse.obj : error LNK2001: 无法解析的外部符号 "protected: virtual void __cdecl QGraphicsItem::keyPressEvent(class QKeyEvent *)" (?keyPressEvent@QGraphicsItem@@MEAAXPEAVQKeyEvent@@@Z)
     1>mouse.obj : error LNK2001: 无法解析的外部符号 "protected: virtual void __cdecl QGraphicsItem::keyReleaseEvent(class QKeyEvent *)" (?keyReleaseEvent@QGraphicsItem@@MEAAXPEAVQKeyEvent@@@Z)
     1>mouse.obj : error LNK2001: 无法解析的外部符号 "protected: virtual void __cdecl QGraphicsItem::mouseDoubleClickEvent(class QGraphicsSceneMouseEvent *)" (?mouseDoubleClickEvent@QGraphicsItem@@MEAAXPEAVQGraphicsSceneMouseEvent@@@Z)
     1>mouse.obj : error LNK2001: 无法解析的外部符号 "protected: virtual void __cdecl QGraphicsItem::mouseMoveEvent(class QGraphicsSceneMouseEvent *)" (?mouseMoveEvent@QGraphicsItem@@MEAAXPEAVQGraphicsSceneMouseEvent@@@Z)
     1>mouse.obj : error LNK2001: 无法解析的外部符号 "protected: virtual void __cdecl QGraphicsItem::mousePressEvent(class QGraphicsSceneMouseEvent *)" (?mousePressEvent@QGraphicsItem@@MEAAXPEAVQGraphicsSceneMouseEvent@@@Z)
     1>mouse.obj : error LNK2001: 无法解析的外部符号 "protected: virtual void __cdecl QGraphicsItem::mouseReleaseEvent(class QGraphicsSceneMouseEvent *)" (?mouseReleaseEvent@QGraphicsItem@@MEAAXPEAVQGraphicsSceneMouseEvent@@@Z)
     1>mouse.obj : error LNK2001: 无法解析的外部符号 "public: virtual class QPainterPath __cdecl QGraphicsItem::opaqueArea(void)const " (?opaqueArea@QGraphicsItem@@UEBA?AVQPainterPath@@XZ)
     1>mouse.obj : error LNK2001: 无法解析的外部符号 "protected: virtual bool __cdecl QGraphicsItem::sceneEvent(class QEvent *)" (?sceneEvent@QGraphicsItem@@MEAA_NPEAVQEvent@@@Z)
     1>mouse.obj : error LNK2001: 无法解析的外部符号 "protected: virtual bool __cdecl QGraphicsItem::sceneEventFilter(class QGraphicsItem *,class QEvent *)" (?sceneEventFilter@QGraphicsItem@@MEAA_NPEAV1@PEAVQEvent@@@Z)
     1>mouse.obj : error LNK2001: 无法解析的外部符号 "protected: virtual void __cdecl QGraphicsItem::setExtension(enum QGraphicsItem::Extension,class QVariant const &)" (?setExtension@QGraphicsItem@@MEAAXW4Extension@1@AEBVQVariant@@@Z)
     1>mouse.obj : error LNK2001: 无法解析的外部符号 "protected: virtual bool __cdecl QGraphicsItem::supportsExtension(enum QGraphicsItem::Extension)const " (?supportsExtension@QGraphicsItem@@MEBA_NW4Extension@1@@Z)
     1>mouse.obj : error LNK2001: 无法解析的外部符号 "public: virtual int __cdecl QGraphicsItem::type(void)const " (?type@QGraphicsItem@@UEBAHXZ)
     1>mouse.obj : error LNK2001: 无法解析的外部符号 "protected: virtual void __cdecl QGraphicsItem::wheelEvent(class QGraphicsSceneWheelEvent *)" (?wheelEvent@QGraphicsItem@@MEAAXPEAVQGraphicsSceneWheelEvent@@@Z)
     1>release\collidingmice.exe : fatal error LNK1120: 61 个无法解析的外部命令
     1>已完成生成项目“C:\CPPProject\_C++inQt\collidingmice\collidingmice.vcxproj”(Rebuild 个目标)的操作 - 失败。

生成失败。

已用时间 00:00:01.15
