生成启动时间为 15/7/14 下午1:47:41。
     1>项目“C:\CPPProject\_C++inQt\mvc\binary_tree\binary_tree.vcxproj”在节点 2 上(Rebuild 个目标)。
     1>CustomBuild:
         Uic'ing binary_tree.ui...
         Moc'ing treemodel.h...
         Rcc'ing binary_tree.qrc...
     1>RCC : warning : No resources in 'C:\CPPProject\_C++inQt\mvc\binary_tree\binary_tree.qrc'.
         
     1>C:\Program Files (x86)\MSBuild\Microsoft.Cpp\v4.0\V120\Microsoft.CppBuild.targets(935,5): warning MSB8027: Two or more files with the name of moc_treemodel.cpp will produce outputs to the same location. This can lead to an incorrect build result.  The files involved are GeneratedFiles\Debug\moc_treemodel.cpp, GeneratedFiles\Release\moc_treemodel.cpp.
       ClCompile:
         C:\Program Files (x86)\Microsoft Visual Studio 12.0\VC\bin\x86_amd64\CL.exe /c /I.\GeneratedFiles /IC:\Qt\Qt5.5.0\5.5\msvc2013_64\include /I.\GeneratedFiles\Debug /IC:\Qt\Qt5.5.0\5.5\msvc2013_64\include\QtCore /IC:\Qt\Qt5.5.0\5.5\msvc2013_64\include\QtGui /I.\ /IC:\Qt\Qt5.5.0\5.5\msvc2013_64\include\QtTest /IC:\Qt\Qt5.5.0\5.5\msvc2013_64\include\ActiveQt /Zi /nologo /W1 /WX- /Od /D UNICODE /D WIN32 /D QT_LARGEFILE_SUPPORT /D QT_CORE_LIB /D QT_GUI_LIB /D QT_TESTLIB_LIB /Gm- /EHsc /MDd /GS /fp:precise /Zc:wchar_t- /Zc:forScope /Fo"x64\Debug\\" /Fd"x64\Debug\vc120.pdb" /Gd /TP /errorReport:prompt GeneratedFiles\Debug\moc_treemodel.cpp main.cpp treemodel.cpp
         moc_treemodel.cpp
         main.cpp
         treemodel.cpp
         正在生成代码...
         C:\Program Files (x86)\Microsoft Visual Studio 12.0\VC\bin\x86_amd64\CL.exe /c /I.\GeneratedFiles /IC:\Qt\Qt5.5.0\5.5\msvc2013_64\include /I.\GeneratedFiles\Debug /IC:\Qt\Qt5.5.0\5.5\msvc2013_64\include\QtCore /IC:\Qt\Qt5.5.0\5.5\msvc2013_64\include\QtGui /I.\ /IC:\Qt\Qt5.5.0\5.5\msvc2013_64\include\QtTest /IC:\Qt\Qt5.5.0\5.5\msvc2013_64\include\ActiveQt /Zi /nologo /W1 /WX- /Od /D UNICODE /D WIN32 /D QT_LARGEFILE_SUPPORT /D QT_CORE_LIB /D QT_GUI_LIB /D QT_TESTLIB_LIB /Gm- /EHsc /MDd /GS /fp:precise /Zc:wchar_t- /Zc:forScope /Fo"x64\Debug\\" /Fd"x64\Debug\vc120.pdb" /Gd /TP /errorReport:prompt GeneratedFiles\qrc_binary_tree.cpp
         qrc_binary_tree.cpp
       Link:
         C:\Program Files (x86)\Microsoft Visual Studio 12.0\VC\bin\x86_amd64\link.exe /ERRORREPORT:PROMPT /OUT:"C:\CPPProject\_C++inQt\x64\Debug\\binary_tree.exe" /NOLOGO /LIBPATH:C:\Qt\Qt5.5.0\5.5\msvc2013_64\lib qtmaind.lib Qt5Cored.lib Qt5Widgetsd.lib Qt5Guid.lib Qt5Testd.lib Qt5AxContainerd.lib Qt5AxBased.lib kernel32.lib user32.lib gdi32.lib winspool.lib comdlg32.lib advapi32.lib shell32.lib ole32.lib oleaut32.lib uuid.lib odbc32.lib odbccp32.lib /MANIFEST /MANIFESTUAC:"level='asInvoker' uiAccess='false'" /manifest:embed /DEBUG /PDB:"C:\CPPProject\_C++inQt\x64\Debug\binary_tree.pdb" /SUBSYSTEM:WINDOWS /TLBID:1 /DYNAMICBASE /NXCOMPAT /IMPLIB:"C:\CPPProject\_C++inQt\x64\Debug\binary_tree.lib" /MACHINE:X64 x64\Debug\moc_treemodel.obj
         x64\Debug\qrc_binary_tree.obj
         x64\Debug\main.obj
         x64\Debug\treemodel.obj
         binary_tree.vcxproj -> C:\CPPProject\_C++inQt\x64\Debug\binary_tree.exe
     1>已完成生成项目“C:\CPPProject\_C++inQt\mvc\binary_tree\binary_tree.vcxproj”(Rebuild 个目标)的操作。

生成成功。

已用时间 00:00:02.73
